{"C:\\Users\\mmoha\\YRI_Interactive_Map\\react-app\\src\\App.js": {"path":"C:\\Users\\mmoha\\YRI_Interactive_Map\\react-app\\src\\App.js","statementMap":{"0":{"start":{"line":11,"column":2},"end":{"line":23,"column":4}}},"fnMap":{"0":{"name":"App","decl":{"start":{"line":10,"column":9},"end":{"line":10,"column":12}},"loc":{"start":{"line":10,"column":15},"end":{"line":24,"column":1}},"line":10}},"branchMap":{},"s":{"0":0},"f":{"0":0},"b":{}}
,"C:\\Users\\mmoha\\YRI_Interactive_Map\\react-app\\src\\index.js": {"path":"C:\\Users\\mmoha\\YRI_Interactive_Map\\react-app\\src\\index.js","statementMap":{"0":{"start":{"line":8,"column":13},"end":{"line":8,"column":65}},"1":{"start":{"line":9,"column":0},"end":{"line":15,"column":2}},"2":{"start":{"line":20,"column":0},"end":{"line":20,"column":18}}},"fnMap":{},"branchMap":{},"s":{"0":0,"1":0,"2":0},"f":{},"b":{}}
,"C:\\Users\\mmoha\\YRI_Interactive_Map\\react-app\\src\\reportWebVitals.js": {"path":"C:\\Users\\mmoha\\YRI_Interactive_Map\\react-app\\src\\reportWebVitals.js","statementMap":{"0":{"start":{"line":1,"column":24},"end":{"line":11,"column":1}},"1":{"start":{"line":2,"column":2},"end":{"line":10,"column":3}},"2":{"start":{"line":3,"column":4},"end":{"line":9,"column":7}},"3":{"start":{"line":4,"column":6},"end":{"line":4,"column":26}},"4":{"start":{"line":5,"column":6},"end":{"line":5,"column":26}},"5":{"start":{"line":6,"column":6},"end":{"line":6,"column":26}},"6":{"start":{"line":7,"column":6},"end":{"line":7,"column":26}},"7":{"start":{"line":8,"column":6},"end":{"line":8,"column":27}}},"fnMap":{"0":{"name":"(anonymous_0)","decl":{"start":{"line":1,"column":24},"end":{"line":1,"column":25}},"loc":{"start":{"line":1,"column":39},"end":{"line":11,"column":1}},"line":1},"1":{"name":"(anonymous_1)","decl":{"start":{"line":3,"column":30},"end":{"line":3,"column":31}},"loc":{"start":{"line":3,"column":79},"end":{"line":9,"column":5}},"line":3}},"branchMap":{"0":{"loc":{"start":{"line":2,"column":2},"end":{"line":10,"column":3}},"type":"if","locations":[{"start":{"line":2,"column":2},"end":{"line":10,"column":3}},{"start":{},"end":{}}],"line":2},"1":{"loc":{"start":{"line":2,"column":6},"end":{"line":2,"column":52}},"type":"binary-expr","locations":[{"start":{"line":2,"column":6},"end":{"line":2,"column":17}},{"start":{"line":2,"column":21},"end":{"line":2,"column":52}}],"line":2}},"s":{"0":0,"1":0,"2":0,"3":0,"4":0,"5":0,"6":0,"7":0},"f":{"0":0,"1":0},"b":{"0":[0,0],"1":[0,0]}}
,"C:\\Users\\mmoha\\YRI_Interactive_Map\\react-app\\src\\event-handler\\adminHandler.js": {"path":"C:\\Users\\mmoha\\YRI_Interactive_Map\\react-app\\src\\event-handler\\adminHandler.js","statementMap":{"0":{"start":{"line":3,"column":28},"end":{"line":19,"column":1}},"1":{"start":{"line":4,"column":15},"end":{"line":10,"column":6}},"2":{"start":{"line":12,"column":20},"end":{"line":16,"column":6}},"3":{"start":{"line":18,"column":4},"end":{"line":18,"column":19}},"4":{"start":{"line":21,"column":27},"end":{"line":34,"column":1}},"5":{"start":{"line":22,"column":15},"end":{"line":25,"column":6}},"6":{"start":{"line":27,"column":20},"end":{"line":31,"column":6}},"7":{"start":{"line":33,"column":4},"end":{"line":33,"column":19}},"8":{"start":{"line":36,"column":22},"end":{"line":42,"column":1}},"9":{"start":{"line":37,"column":19},"end":{"line":38,"column":26}},"10":{"start":{"line":40,"column":4},"end":{"line":40,"column":32}},"11":{"start":{"line":41,"column":4},"end":{"line":41,"column":19}}},"fnMap":{"0":{"name":"(anonymous_0)","decl":{"start":{"line":3,"column":28},"end":{"line":3,"column":29}},"loc":{"start":{"line":3,"column":83},"end":{"line":19,"column":1}},"line":3},"1":{"name":"(anonymous_1)","decl":{"start":{"line":21,"column":27},"end":{"line":21,"column":28}},"loc":{"start":{"line":21,"column":54},"end":{"line":34,"column":1}},"line":21},"2":{"name":"(anonymous_2)","decl":{"start":{"line":36,"column":22},"end":{"line":36,"column":23}},"loc":{"start":{"line":36,"column":33},"end":{"line":42,"column":1}},"line":36}},"branchMap":{},"s":{"0":4,"1":1,"2":1,"3":1,"4":4,"5":1,"6":1,"7":1,"8":4,"9":1,"10":1,"11":1},"f":{"0":1,"1":1,"2":1},"b":{},"_coverageSchema":"1a1c01bbd47fc00a2c39e90264f33305004495a9","hash":"e8a299b99e5074525a07b7c134249f3a7d5283b5"}
,"C:\\Users\\mmoha\\YRI_Interactive_Map\\react-app\\src\\event-handler\\inboxHandler.js": {"path":"C:\\Users\\mmoha\\YRI_Interactive_Map\\react-app\\src\\event-handler\\inboxHandler.js","statementMap":{"0":{"start":{"line":4,"column":29},"end":{"line":18,"column":1}},"1":{"start":{"line":5,"column":15},"end":{"line":7,"column":6}},"2":{"start":{"line":9,"column":4},"end":{"line":9,"column":21}},"3":{"start":{"line":11,"column":19},"end":{"line":15,"column":6}},"4":{"start":{"line":17,"column":4},"end":{"line":17,"column":20}}},"fnMap":{"0":{"name":"(anonymous_0)","decl":{"start":{"line":4,"column":29},"end":{"line":4,"column":30}},"loc":{"start":{"line":4,"column":43},"end":{"line":18,"column":1}},"line":4}},"branchMap":{},"s":{"0":1,"1":1,"2":1,"3":1,"4":1},"f":{"0":1},"b":{},"_coverageSchema":"1a1c01bbd47fc00a2c39e90264f33305004495a9","hash":"cc3bba93b0ae1620938e22ce9c5cbae6e8bdbf90"}
,"C:\\Users\\mmoha\\YRI_Interactive_Map\\react-app\\src\\event-handler\\messageHandler.js": {"path":"C:\\Users\\mmoha\\YRI_Interactive_Map\\react-app\\src\\event-handler\\messageHandler.js","statementMap":{"0":{"start":{"line":4,"column":29},"end":{"line":19,"column":1}},"1":{"start":{"line":5,"column":15},"end":{"line":8,"column":6}},"2":{"start":{"line":10,"column":4},"end":{"line":10,"column":21}},"3":{"start":{"line":12,"column":19},"end":{"line":16,"column":6}},"4":{"start":{"line":18,"column":4},"end":{"line":18,"column":20}}},"fnMap":{"0":{"name":"(anonymous_0)","decl":{"start":{"line":4,"column":29},"end":{"line":4,"column":30}},"loc":{"start":{"line":4,"column":59},"end":{"line":19,"column":1}},"line":4}},"branchMap":{},"s":{"0":2,"1":1,"2":1,"3":1,"4":1},"f":{"0":1},"b":{},"_coverageSchema":"1a1c01bbd47fc00a2c39e90264f33305004495a9","hash":"848cdaa0629c150acf73873395f51bea3f76f3dc"}
,"C:\\Users\\mmoha\\YRI_Interactive_Map\\react-app\\src\\view\\components\\Footer.js": {"path":"C:\\Users\\mmoha\\YRI_Interactive_Map\\react-app\\src\\view\\components\\Footer.js","statementMap":{"0":{"start":{"line":4,"column":4},"end":{"line":8,"column":6}}},"fnMap":{"0":{"name":"Footer","decl":{"start":{"line":3,"column":9},"end":{"line":3,"column":15}},"loc":{"start":{"line":3,"column":18},"end":{"line":9,"column":1}},"line":3}},"branchMap":{},"s":{"0":16},"f":{"0":16},"b":{},"_coverageSchema":"1a1c01bbd47fc00a2c39e90264f33305004495a9","hash":"08865229f72b5dfcc33dd30fbb65f191028d11ad"}
,"C:\\Users\\mmoha\\YRI_Interactive_Map\\react-app\\src\\view\\components\\Header.js": {"path":"C:\\Users\\mmoha\\YRI_Interactive_Map\\react-app\\src\\view\\components\\Header.js","statementMap":{"0":{"start":{"line":4,"column":4},"end":{"line":10,"column":6}}},"fnMap":{"0":{"name":"Header","decl":{"start":{"line":3,"column":9},"end":{"line":3,"column":15}},"loc":{"start":{"line":3,"column":22},"end":{"line":11,"column":1}},"line":3}},"branchMap":{},"s":{"0":18},"f":{"0":18},"b":{},"_coverageSchema":"1a1c01bbd47fc00a2c39e90264f33305004495a9","hash":"57bf750f2943524430e12038018fe22df14f4e07"}
,"C:\\Users\\mmoha\\YRI_Interactive_Map\\react-app\\src\\view\\screen\\AdminHome.js": {"path":"C:\\Users\\mmoha\\YRI_Interactive_Map\\react-app\\src\\view\\screen\\AdminHome.js","statementMap":{"0":{"start":{"line":4,"column":21},"end":{"line":4,"column":64}},"1":{"start":{"line":8,"column":8},"end":{"line":36,"column":10}}},"fnMap":{"0":{"name":"(anonymous_0)","decl":{"start":{"line":7,"column":4},"end":{"line":7,"column":5}},"loc":{"start":{"line":7,"column":13},"end":{"line":37,"column":5}},"line":7}},"branchMap":{},"s":{"0":1,"1":1},"f":{"0":1},"b":{},"_coverageSchema":"1a1c01bbd47fc00a2c39e90264f33305004495a9","hash":"ee086340dd90247385fcd776e01aedabdebbc931"}
,"C:\\Users\\mmoha\\YRI_Interactive_Map\\react-app\\src\\view\\screen\\AdminLogin.js": {"path":"C:\\Users\\mmoha\\YRI_Interactive_Map\\react-app\\src\\view\\screen\\AdminLogin.js","statementMap":{"0":{"start":{"line":7,"column":21},"end":{"line":7,"column":64}},"1":{"start":{"line":11,"column":8},"end":{"line":11,"column":20}},"2":{"start":{"line":12,"column":8},"end":{"line":20,"column":9}},"3":{"start":{"line":22,"column":8},"end":{"line":22,"column":56}},"4":{"start":{"line":23,"column":8},"end":{"line":23,"column":56}},"5":{"start":{"line":27,"column":23},"end":{"line":27,"column":35}},"6":{"start":{"line":28,"column":22},"end":{"line":28,"column":34}},"7":{"start":{"line":29,"column":21},"end":{"line":29,"column":32}},"8":{"start":{"line":31,"column":8},"end":{"line":33,"column":10}},"9":{"start":{"line":37,"column":21},"end":{"line":37,"column":23}},"10":{"start":{"line":39,"column":8},"end":{"line":65,"column":9}},"11":{"start":{"line":40,"column":22},"end":{"line":40,"column":91}},"12":{"start":{"line":43,"column":12},"end":{"line":43,"column":28}},"13":{"start":{"line":44,"column":12},"end":{"line":54,"column":13}},"14":{"start":{"line":45,"column":16},"end":{"line":49,"column":18}},"15":{"start":{"line":50,"column":16},"end":{"line":50,"column":22}},"16":{"start":{"line":53,"column":16},"end":{"line":53,"column":39}},"17":{"start":{"line":57,"column":12},"end":{"line":57,"column":30}},"18":{"start":{"line":58,"column":12},"end":{"line":64,"column":13}},"19":{"start":{"line":59,"column":26},"end":{"line":59,"column":61}},"20":{"start":{"line":60,"column":20},"end":{"line":60,"column":25}},"21":{"start":{"line":61,"column":26},"end":{"line":61,"column":53}},"22":{"start":{"line":62,"column":20},"end":{"line":62,"column":25}},"23":{"start":{"line":63,"column":25},"end":{"line":63,"column":47}},"24":{"start":{"line":67,"column":8},"end":{"line":69,"column":10}},"25":{"start":{"line":71,"column":8},"end":{"line":71,"column":30}},"26":{"start":{"line":75,"column":8},"end":{"line":80,"column":9}},"27":{"start":{"line":76,"column":12},"end":{"line":79,"column":16}},"28":{"start":{"line":82,"column":8},"end":{"line":114,"column":12}}},"fnMap":{"0":{"name":"(anonymous_0)","decl":{"start":{"line":10,"column":4},"end":{"line":10,"column":5}},"loc":{"start":{"line":10,"column":23},"end":{"line":24,"column":5}},"line":10},"1":{"name":"(anonymous_1)","decl":{"start":{"line":26,"column":4},"end":{"line":26,"column":5}},"loc":{"start":{"line":26,"column":24},"end":{"line":34,"column":5}},"line":26},"2":{"name":"(anonymous_2)","decl":{"start":{"line":36,"column":4},"end":{"line":36,"column":5}},"loc":{"start":{"line":36,"column":30},"end":{"line":72,"column":5}},"line":36},"3":{"name":"(anonymous_3)","decl":{"start":{"line":74,"column":4},"end":{"line":74,"column":5}},"loc":{"start":{"line":74,"column":13},"end":{"line":115,"column":5}},"line":74}},"branchMap":{"0":{"loc":{"start":{"line":44,"column":12},"end":{"line":54,"column":13}},"type":"if","locations":[{"start":{"line":44,"column":12},"end":{"line":54,"column":13}},{"start":{"line":52,"column":17},"end":{"line":54,"column":13}}],"line":44},"1":{"loc":{"start":{"line":58,"column":12},"end":{"line":64,"column":13}},"type":"switch","locations":[{"start":{"line":59,"column":16},"end":{"line":60,"column":25}},{"start":{"line":61,"column":16},"end":{"line":62,"column":25}},{"start":{"line":63,"column":16},"end":{"line":63,"column":47}}],"line":58},"2":{"loc":{"start":{"line":75,"column":8},"end":{"line":80,"column":9}},"type":"if","locations":[{"start":{"line":75,"column":8},"end":{"line":80,"column":9}},{"start":{},"end":{}}],"line":75},"3":{"loc":{"start":{"line":103,"column":21},"end":{"line":104,"column":86}},"type":"binary-expr","locations":[{"start":{"line":103,"column":21},"end":{"line":103,"column":44}},{"start":{"line":104,"column":24},"end":{"line":104,"column":86}}],"line":103},"4":{"loc":{"start":{"line":107,"column":21},"end":{"line":108,"column":90}},"type":"binary-expr","locations":[{"start":{"line":107,"column":21},"end":{"line":107,"column":46}},{"start":{"line":108,"column":24},"end":{"line":108,"column":90}}],"line":107}},"s":{"0":1,"1":3,"2":2,"3":2,"4":2,"5":4,"6":4,"7":4,"8":4,"9":2,"10":2,"11":2,"12":1,"13":1,"14":1,"15":1,"16":0,"17":0,"18":0,"19":0,"20":0,"21":0,"22":0,"23":0,"24":0,"25":0,"26":6,"27":0,"28":6},"f":{"0":3,"1":4,"2":2,"3":6},"b":{"0":[1,0],"1":[0,0,0],"2":[0,6],"3":[6,0],"4":[6,0]},"_coverageSchema":"1a1c01bbd47fc00a2c39e90264f33305004495a9","hash":"aa9ad2a359024940d54c4daeb288e2f73e67bb8b"}
,"C:\\Users\\mmoha\\YRI_Interactive_Map\\react-app\\src\\view\\screen\\AdminSignUp.js": {"path":"C:\\Users\\mmoha\\YRI_Interactive_Map\\react-app\\src\\view\\screen\\AdminSignUp.js","statementMap":{"0":{"start":{"line":5,"column":21},"end":{"line":5,"column":64}},"1":{"start":{"line":9,"column":8},"end":{"line":9,"column":21}},"2":{"start":{"line":11,"column":8},"end":{"line":27,"column":9}},"3":{"start":{"line":29,"column":8},"end":{"line":29,"column":56}},"4":{"start":{"line":30,"column":8},"end":{"line":30,"column":56}},"5":{"start":{"line":31,"column":8},"end":{"line":31,"column":78}},"6":{"start":{"line":36,"column":20},"end":{"line":36,"column":38}},"7":{"start":{"line":37,"column":22},"end":{"line":37,"column":47}},"8":{"start":{"line":39,"column":8},"end":{"line":48,"column":9}},"9":{"start":{"line":40,"column":12},"end":{"line":42,"column":14}},"10":{"start":{"line":45,"column":12},"end":{"line":47,"column":14}},"11":{"start":{"line":52,"column":20},"end":{"line":52,"column":38}},"12":{"start":{"line":53,"column":22},"end":{"line":53,"column":47}},"13":{"start":{"line":55,"column":25},"end":{"line":55,"column":72}},"14":{"start":{"line":57,"column":8},"end":{"line":66,"column":9}},"15":{"start":{"line":58,"column":12},"end":{"line":60,"column":14}},"16":{"start":{"line":63,"column":12},"end":{"line":65,"column":14}},"17":{"start":{"line":70,"column":20},"end":{"line":70,"column":38}},"18":{"start":{"line":71,"column":22},"end":{"line":71,"column":47}},"19":{"start":{"line":73,"column":25},"end":{"line":73,"column":77}},"20":{"start":{"line":75,"column":8},"end":{"line":84,"column":9}},"21":{"start":{"line":76,"column":12},"end":{"line":78,"column":14}},"22":{"start":{"line":81,"column":12},"end":{"line":83,"column":14}},"23":{"start":{"line":88,"column":20},"end":{"line":88,"column":38}},"24":{"start":{"line":89,"column":22},"end":{"line":89,"column":47}},"25":{"start":{"line":91,"column":8},"end":{"line":100,"column":9}},"26":{"start":{"line":92,"column":12},"end":{"line":94,"column":14}},"27":{"start":{"line":97,"column":12},"end":{"line":99,"column":14}},"28":{"start":{"line":104,"column":20},"end":{"line":104,"column":38}},"29":{"start":{"line":105,"column":22},"end":{"line":105,"column":47}},"30":{"start":{"line":106,"column":21},"end":{"line":106,"column":23}},"31":{"start":{"line":108,"column":8},"end":{"line":110,"column":9}},"32":{"start":{"line":109,"column":12},"end":{"line":109,"column":44}},"33":{"start":{"line":112,"column":8},"end":{"line":114,"column":10}},"34":{"start":{"line":118,"column":23},"end":{"line":118,"column":35}},"35":{"start":{"line":119,"column":22},"end":{"line":119,"column":34}},"36":{"start":{"line":120,"column":21},"end":{"line":120,"column":32}},"37":{"start":{"line":122,"column":8},"end":{"line":124,"column":10}},"38":{"start":{"line":128,"column":8},"end":{"line":131,"column":9}},"39":{"start":{"line":136,"column":8},"end":{"line":142,"column":9}},"40":{"start":{"line":137,"column":12},"end":{"line":139,"column":14}},"41":{"start":{"line":141,"column":12},"end":{"line":141,"column":18}},"42":{"start":{"line":144,"column":8},"end":{"line":150,"column":9}},"43":{"start":{"line":151,"column":8},"end":{"line":151,"column":30}},"44":{"start":{"line":157,"column":8},"end":{"line":227,"column":12}},"45":{"start":{"line":166,"column":40},"end":{"line":166,"column":61}},"46":{"start":{"line":166,"column":62},"end":{"line":166,"column":82}},"47":{"start":{"line":175,"column":40},"end":{"line":175,"column":61}},"48":{"start":{"line":175,"column":62},"end":{"line":175,"column":82}},"49":{"start":{"line":184,"column":40},"end":{"line":184,"column":61}},"50":{"start":{"line":184,"column":62},"end":{"line":184,"column":83}},"51":{"start":{"line":193,"column":40},"end":{"line":193,"column":61}},"52":{"start":{"line":193,"column":62},"end":{"line":193,"column":89}},"53":{"start":{"line":202,"column":40},"end":{"line":202,"column":61}},"54":{"start":{"line":202,"column":62},"end":{"line":202,"column":86}},"55":{"start":{"line":211,"column":40},"end":{"line":211,"column":61}},"56":{"start":{"line":211,"column":62},"end":{"line":211,"column":93}}},"fnMap":{"0":{"name":"(anonymous_0)","decl":{"start":{"line":8,"column":4},"end":{"line":8,"column":5}},"loc":{"start":{"line":8,"column":23},"end":{"line":32,"column":5}},"line":8},"1":{"name":"(anonymous_1)","decl":{"start":{"line":35,"column":4},"end":{"line":35,"column":5}},"loc":{"start":{"line":35,"column":24},"end":{"line":49,"column":5}},"line":35},"2":{"name":"(anonymous_2)","decl":{"start":{"line":51,"column":4},"end":{"line":51,"column":5}},"loc":{"start":{"line":51,"column":25},"end":{"line":67,"column":5}},"line":51},"3":{"name":"(anonymous_3)","decl":{"start":{"line":69,"column":4},"end":{"line":69,"column":5}},"loc":{"start":{"line":69,"column":31},"end":{"line":85,"column":5}},"line":69},"4":{"name":"(anonymous_4)","decl":{"start":{"line":87,"column":4},"end":{"line":87,"column":5}},"loc":{"start":{"line":87,"column":28},"end":{"line":101,"column":5}},"line":87},"5":{"name":"(anonymous_5)","decl":{"start":{"line":103,"column":4},"end":{"line":103,"column":5}},"loc":{"start":{"line":103,"column":35},"end":{"line":115,"column":5}},"line":103},"6":{"name":"(anonymous_6)","decl":{"start":{"line":117,"column":4},"end":{"line":117,"column":5}},"loc":{"start":{"line":117,"column":24},"end":{"line":125,"column":5}},"line":117},"7":{"name":"(anonymous_7)","decl":{"start":{"line":127,"column":4},"end":{"line":127,"column":5}},"loc":{"start":{"line":127,"column":21},"end":{"line":132,"column":5}},"line":127},"8":{"name":"(anonymous_8)","decl":{"start":{"line":134,"column":4},"end":{"line":134,"column":5}},"loc":{"start":{"line":134,"column":30},"end":{"line":154,"column":5}},"line":134},"9":{"name":"(anonymous_9)","decl":{"start":{"line":156,"column":4},"end":{"line":156,"column":5}},"loc":{"start":{"line":156,"column":13},"end":{"line":228,"column":5}},"line":156},"10":{"name":"(anonymous_10)","decl":{"start":{"line":166,"column":34},"end":{"line":166,"column":35}},"loc":{"start":{"line":166,"column":39},"end":{"line":166,"column":83}},"line":166},"11":{"name":"(anonymous_11)","decl":{"start":{"line":175,"column":34},"end":{"line":175,"column":35}},"loc":{"start":{"line":175,"column":39},"end":{"line":175,"column":83}},"line":175},"12":{"name":"(anonymous_12)","decl":{"start":{"line":184,"column":34},"end":{"line":184,"column":35}},"loc":{"start":{"line":184,"column":39},"end":{"line":184,"column":84}},"line":184},"13":{"name":"(anonymous_13)","decl":{"start":{"line":193,"column":34},"end":{"line":193,"column":35}},"loc":{"start":{"line":193,"column":39},"end":{"line":193,"column":90}},"line":193},"14":{"name":"(anonymous_14)","decl":{"start":{"line":202,"column":34},"end":{"line":202,"column":35}},"loc":{"start":{"line":202,"column":39},"end":{"line":202,"column":87}},"line":202},"15":{"name":"(anonymous_15)","decl":{"start":{"line":211,"column":34},"end":{"line":211,"column":35}},"loc":{"start":{"line":211,"column":39},"end":{"line":211,"column":94}},"line":211}},"branchMap":{"0":{"loc":{"start":{"line":39,"column":8},"end":{"line":48,"column":9}},"type":"if","locations":[{"start":{"line":39,"column":8},"end":{"line":48,"column":9}},{"start":{"line":44,"column":13},"end":{"line":48,"column":9}}],"line":39},"1":{"loc":{"start":{"line":57,"column":8},"end":{"line":66,"column":9}},"type":"if","locations":[{"start":{"line":57,"column":8},"end":{"line":66,"column":9}},{"start":{"line":62,"column":13},"end":{"line":66,"column":9}}],"line":57},"2":{"loc":{"start":{"line":75,"column":8},"end":{"line":84,"column":9}},"type":"if","locations":[{"start":{"line":75,"column":8},"end":{"line":84,"column":9}},{"start":{"line":80,"column":13},"end":{"line":84,"column":9}}],"line":75},"3":{"loc":{"start":{"line":91,"column":8},"end":{"line":100,"column":9}},"type":"if","locations":[{"start":{"line":91,"column":8},"end":{"line":100,"column":9}},{"start":{"line":96,"column":13},"end":{"line":100,"column":9}}],"line":91},"4":{"loc":{"start":{"line":108,"column":8},"end":{"line":110,"column":9}},"type":"if","locations":[{"start":{"line":108,"column":8},"end":{"line":110,"column":9}},{"start":{},"end":{}}],"line":108},"5":{"loc":{"start":{"line":128,"column":18},"end":{"line":130,"column":81}},"type":"binary-expr","locations":[{"start":{"line":128,"column":18},"end":{"line":128,"column":48}},{"start":{"line":128,"column":52},"end":{"line":128,"column":81}},{"start":{"line":129,"column":12},"end":{"line":129,"column":38}},{"start":{"line":129,"column":42},"end":{"line":129,"column":68}},{"start":{"line":130,"column":12},"end":{"line":130,"column":41}},{"start":{"line":130,"column":45},"end":{"line":130,"column":81}}],"line":128},"6":{"loc":{"start":{"line":136,"column":8},"end":{"line":142,"column":9}},"type":"if","locations":[{"start":{"line":136,"column":8},"end":{"line":142,"column":9}},{"start":{},"end":{}}],"line":136},"7":{"loc":{"start":{"line":168,"column":24},"end":{"line":169,"column":103}},"type":"binary-expr","locations":[{"start":{"line":168,"column":24},"end":{"line":168,"column":54}},{"start":{"line":169,"column":24},"end":{"line":169,"column":103}}],"line":168},"8":{"loc":{"start":{"line":177,"column":24},"end":{"line":178,"column":102}},"type":"binary-expr","locations":[{"start":{"line":177,"column":24},"end":{"line":177,"column":53}},{"start":{"line":178,"column":24},"end":{"line":178,"column":102}}],"line":177},"9":{"loc":{"start":{"line":186,"column":24},"end":{"line":187,"column":96}},"type":"binary-expr","locations":[{"start":{"line":186,"column":24},"end":{"line":186,"column":50}},{"start":{"line":187,"column":24},"end":{"line":187,"column":96}}],"line":186},"10":{"loc":{"start":{"line":195,"column":24},"end":{"line":196,"column":96}},"type":"binary-expr","locations":[{"start":{"line":195,"column":24},"end":{"line":195,"column":50}},{"start":{"line":196,"column":24},"end":{"line":196,"column":96}}],"line":195},"11":{"loc":{"start":{"line":204,"column":24},"end":{"line":205,"column":99}},"type":"binary-expr","locations":[{"start":{"line":204,"column":24},"end":{"line":204,"column":53}},{"start":{"line":205,"column":24},"end":{"line":205,"column":99}}],"line":204},"12":{"loc":{"start":{"line":213,"column":24},"end":{"line":214,"column":106}},"type":"binary-expr","locations":[{"start":{"line":213,"column":24},"end":{"line":213,"column":60}},{"start":{"line":214,"column":24},"end":{"line":214,"column":106}}],"line":213},"13":{"loc":{"start":{"line":220,"column":24},"end":{"line":221,"column":97}},"type":"binary-expr","locations":[{"start":{"line":220,"column":24},"end":{"line":220,"column":51}},{"start":{"line":221,"column":24},"end":{"line":221,"column":97}}],"line":220}},"s":{"0":1,"1":1,"2":1,"3":1,"4":1,"5":1,"6":2,"7":2,"8":2,"9":0,"10":2,"11":1,"12":1,"13":1,"14":1,"15":1,"16":0,"17":1,"18":1,"19":1,"20":1,"21":1,"22":0,"23":1,"24":1,"25":1,"26":1,"27":0,"28":1,"29":1,"30":1,"31":1,"32":0,"33":1,"34":6,"35":6,"36":6,"37":6,"38":1,"39":1,"40":0,"41":0,"42":1,"43":1,"44":7,"45":1,"46":1,"47":1,"48":1,"49":1,"50":1,"51":1,"52":1,"53":1,"54":1,"55":1,"56":1},"f":{"0":1,"1":2,"2":1,"3":1,"4":1,"5":1,"6":6,"7":1,"8":1,"9":7,"10":1,"11":1,"12":1,"13":1,"14":1,"15":1},"b":{"0":[0,2],"1":[1,0],"2":[1,0],"3":[1,0],"4":[0,1],"5":[1,1,1,1,1,1],"6":[0,1],"7":[7,0],"8":[7,0],"9":[7,0],"10":[7,0],"11":[7,0],"12":[7,0],"13":[7,0]},"_coverageSchema":"1a1c01bbd47fc00a2c39e90264f33305004495a9","hash":"75f38422c3be69c535364f611c82cbe269f803d0"}
,"C:\\Users\\mmoha\\YRI_Interactive_Map\\react-app\\src\\view\\screen\\Home.js": {"path":"C:\\Users\\mmoha\\YRI_Interactive_Map\\react-app\\src\\view\\screen\\Home.js","statementMap":{"0":{"start":{"line":8,"column":8},"end":{"line":19,"column":10}}},"fnMap":{"0":{"name":"(anonymous_0)","decl":{"start":{"line":7,"column":4},"end":{"line":7,"column":5}},"loc":{"start":{"line":7,"column":13},"end":{"line":20,"column":5}},"line":7}},"branchMap":{},"s":{"0":1},"f":{"0":1},"b":{},"_coverageSchema":"1a1c01bbd47fc00a2c39e90264f33305004495a9","hash":"30401536018ca72194234fc13852b514f9594879"}
,"C:\\Users\\mmoha\\YRI_Interactive_Map\\react-app\\src\\view\\screen\\Inbox.js": {"path":"C:\\Users\\mmoha\\YRI_Interactive_Map\\react-app\\src\\view\\screen\\Inbox.js","statementMap":{"0":{"start":{"line":6,"column":21},"end":{"line":6,"column":64}},"1":{"start":{"line":8,"column":16},"end":{"line":22,"column":1}},"2":{"start":{"line":9,"column":4},"end":{"line":21,"column":9}},"3":{"start":{"line":15,"column":20},"end":{"line":15,"column":59}},"4":{"start":{"line":25,"column":36},"end":{"line":25,"column":48}},"5":{"start":{"line":27,"column":4},"end":{"line":48,"column":26}},"6":{"start":{"line":30,"column":29},"end":{"line":30,"column":71}},"7":{"start":{"line":32,"column":12},"end":{"line":32,"column":39}},"8":{"start":{"line":34,"column":12},"end":{"line":38,"column":13}},"9":{"start":{"line":35,"column":28},"end":{"line":35,"column":70}},"10":{"start":{"line":36,"column":16},"end":{"line":36,"column":34}},"11":{"start":{"line":37,"column":16},"end":{"line":37,"column":23}},"12":{"start":{"line":40,"column":29},"end":{"line":40,"column":50}},"13":{"start":{"line":41,"column":12},"end":{"line":41,"column":34}},"14":{"start":{"line":42,"column":12},"end":{"line":42,"column":34}},"15":{"start":{"line":46,"column":8},"end":{"line":46,"column":22}},"16":{"start":{"line":47,"column":8},"end":{"line":47,"column":15}},"17":{"start":{"line":53,"column":8},"end":{"line":53,"column":104}},"18":{"start":{"line":54,"column":8},"end":{"line":54,"column":45}},"19":{"start":{"line":59,"column":8},"end":{"line":67,"column":11}},"20":{"start":{"line":60,"column":12},"end":{"line":66,"column":13}},"21":{"start":{"line":63,"column":41},"end":{"line":63,"column":67}},"22":{"start":{"line":72,"column":8},"end":{"line":72,"column":35}},"23":{"start":{"line":73,"column":8},"end":{"line":73,"column":109}},"24":{"start":{"line":77,"column":4},"end":{"line":103,"column":6}},"25":{"start":{"line":97,"column":20},"end":{"line":97,"column":33}}},"fnMap":{"0":{"name":"(anonymous_0)","decl":{"start":{"line":8,"column":16},"end":{"line":8,"column":17}},"loc":{"start":{"line":9,"column":4},"end":{"line":21,"column":9}},"line":9},"1":{"name":"(anonymous_1)","decl":{"start":{"line":14,"column":25},"end":{"line":14,"column":26}},"loc":{"start":{"line":14,"column":31},"end":{"line":16,"column":17}},"line":14},"2":{"name":"Inbox","decl":{"start":{"line":24,"column":24},"end":{"line":24,"column":29}},"loc":{"start":{"line":24,"column":32},"end":{"line":105,"column":1}},"line":24},"3":{"name":"(anonymous_3)","decl":{"start":{"line":27,"column":14},"end":{"line":27,"column":15}},"loc":{"start":{"line":27,"column":20},"end":{"line":48,"column":5}},"line":27},"4":{"name":"getMessages","decl":{"start":{"line":29,"column":23},"end":{"line":29,"column":34}},"loc":{"start":{"line":29,"column":37},"end":{"line":44,"column":9}},"line":29},"5":{"name":"deleteMessage","decl":{"start":{"line":52,"column":19},"end":{"line":52,"column":32}},"loc":{"start":{"line":52,"column":37},"end":{"line":55,"column":5}},"line":52},"6":{"name":"messageList","decl":{"start":{"line":58,"column":13},"end":{"line":58,"column":24}},"loc":{"start":{"line":58,"column":27},"end":{"line":68,"column":5}},"line":58},"7":{"name":"(anonymous_7)","decl":{"start":{"line":59,"column":29},"end":{"line":59,"column":30}},"loc":{"start":{"line":59,"column":40},"end":{"line":67,"column":9}},"line":59},"8":{"name":"(anonymous_8)","decl":{"start":{"line":63,"column":35},"end":{"line":63,"column":36}},"loc":{"start":{"line":63,"column":41},"end":{"line":63,"column":67}},"line":63},"9":{"name":"clearInbox","decl":{"start":{"line":71,"column":13},"end":{"line":71,"column":23}},"loc":{"start":{"line":71,"column":26},"end":{"line":74,"column":5}},"line":71},"10":{"name":"(anonymous_10)","decl":{"start":{"line":96,"column":25},"end":{"line":96,"column":26}},"loc":{"start":{"line":96,"column":31},"end":{"line":98,"column":17}},"line":96}},"branchMap":{"0":{"loc":{"start":{"line":34,"column":12},"end":{"line":38,"column":13}},"type":"if","locations":[{"start":{"line":34,"column":12},"end":{"line":38,"column":13}},{"start":{},"end":{}}],"line":34}},"s":{"0":0,"1":0,"2":0,"3":0,"4":0,"5":0,"6":0,"7":0,"8":0,"9":0,"10":0,"11":0,"12":0,"13":0,"14":0,"15":0,"16":0,"17":0,"18":0,"19":0,"20":0,"21":0,"22":0,"23":0,"24":0,"25":0},"f":{"0":0,"1":0,"2":0,"3":0,"4":0,"5":0,"6":0,"7":0,"8":0,"9":0,"10":0},"b":{"0":[0,0]}}
,"C:\\Users\\mmoha\\YRI_Interactive_Map\\react-app\\src\\view\\screen\\MessageForm.js": {"path":"C:\\Users\\mmoha\\YRI_Interactive_Map\\react-app\\src\\view\\screen\\MessageForm.js","statementMap":{"0":{"start":{"line":4,"column":23},"end":{"line":4,"column":68}},"1":{"start":{"line":8,"column":8},"end":{"line":8,"column":21}},"2":{"start":{"line":10,"column":8},"end":{"line":13,"column":9}},"3":{"start":{"line":15,"column":8},"end":{"line":15,"column":57}},"4":{"start":{"line":16,"column":8},"end":{"line":16,"column":57}},"5":{"start":{"line":20,"column":23},"end":{"line":20,"column":35}},"6":{"start":{"line":21,"column":22},"end":{"line":21,"column":34}},"7":{"start":{"line":22,"column":21},"end":{"line":22,"column":32}},"8":{"start":{"line":24,"column":8},"end":{"line":26,"column":11}},"9":{"start":{"line":30,"column":8},"end":{"line":33,"column":9}},"10":{"start":{"line":34,"column":8},"end":{"line":34,"column":30}},"11":{"start":{"line":36,"column":8},"end":{"line":36,"column":57}},"12":{"start":{"line":40,"column":8},"end":{"line":64,"column":10}}},"fnMap":{"0":{"name":"(anonymous_0)","decl":{"start":{"line":7,"column":4},"end":{"line":7,"column":5}},"loc":{"start":{"line":7,"column":23},"end":{"line":17,"column":5}},"line":7},"1":{"name":"(anonymous_1)","decl":{"start":{"line":19,"column":4},"end":{"line":19,"column":5}},"loc":{"start":{"line":19,"column":24},"end":{"line":27,"column":5}},"line":19},"2":{"name":"(anonymous_2)","decl":{"start":{"line":29,"column":4},"end":{"line":29,"column":5}},"loc":{"start":{"line":29,"column":30},"end":{"line":37,"column":5}},"line":29},"3":{"name":"(anonymous_3)","decl":{"start":{"line":39,"column":4},"end":{"line":39,"column":5}},"loc":{"start":{"line":39,"column":13},"end":{"line":65,"column":5}},"line":39}},"branchMap":{},"s":{"0":1,"1":1,"2":1,"3":1,"4":1,"5":0,"6":0,"7":0,"8":0,"9":0,"10":0,"11":0,"12":1},"f":{"0":1,"1":0,"2":0,"3":1},"b":{},"_coverageSchema":"1a1c01bbd47fc00a2c39e90264f33305004495a9","hash":"3847adeba840e9d0ba1ab10ae66685831357a9cb"}
}
