TN:
SF:src\App.js
FN:10,App
FNF:1
FNH:0
FNDA:0,App
DA:11,0
LF:1
LH:0
BRF:0
BRH:0
end_of_record
TN:
SF:src\index.js
FNF:0
FNH:0
DA:8,0
DA:9,0
DA:20,0
LF:3
LH:0
BRF:0
BRH:0
end_of_record
TN:
SF:src\reportWebVitals.js
FN:1,(anonymous_0)
FN:3,(anonymous_1)
FNF:2
FNH:0
FNDA:0,(anonymous_0)
FNDA:0,(anonymous_1)
DA:1,0
DA:2,0
DA:3,0
DA:4,0
DA:5,0
DA:6,0
DA:7,0
DA:8,0
LF:8
LH:0
BRDA:2,0,0,0
BRDA:2,0,1,0
BRDA:2,1,0,0
BRDA:2,1,1,0
BRF:4
BRH:0
end_of_record
TN:
SF:src\event-handler\adminHandler.js
FN:3,(anonymous_0)
FN:21,(anonymous_1)
FN:36,(anonymous_2)
FNF:3
FNH:3
FNDA:1,(anonymous_0)
FNDA:1,(anonymous_1)
FNDA:1,(anonymous_2)
DA:3,4
DA:4,1
DA:12,1
DA:18,1
DA:21,4
DA:22,1
DA:27,1
DA:33,1
DA:36,4
DA:37,1
DA:40,1
DA:41,1
LF:12
LH:12
BRF:0
BRH:0
end_of_record
TN:
SF:src\event-handler\inboxHandler.js
FN:4,(anonymous_0)
FNF:1
FNH:1
FNDA:1,(anonymous_0)
DA:4,1
DA:5,1
DA:9,1
DA:11,1
DA:17,1
LF:5
LH:5
BRF:0
BRH:0
end_of_record
TN:
SF:src\event-handler\messageHandler.js
FN:4,(anonymous_0)
FNF:1
FNH:1
FNDA:1,(anonymous_0)
DA:4,2
DA:5,1
DA:10,1
DA:12,1
DA:18,1
LF:5
LH:5
BRF:0
BRH:0
end_of_record
TN:
SF:src\view\components\Footer.js
FN:3,Footer
FNF:1
FNH:1
FNDA:16,Footer
DA:4,16
LF:1
LH:1
BRF:0
BRH:0
end_of_record
TN:
SF:src\view\components\Header.js
FN:3,Header
FNF:1
FNH:1
FNDA:18,Header
DA:4,18
LF:1
LH:1
BRF:0
BRH:0
end_of_record
TN:
SF:src\view\screen\AdminHome.js
FN:7,(anonymous_0)
FNF:1
FNH:1
FNDA:1,(anonymous_0)
DA:4,1
DA:8,1
LF:2
LH:2
BRF:0
BRH:0
end_of_record
TN:
SF:src\view\screen\AdminLogin.js
FN:10,(anonymous_0)
FN:26,(anonymous_1)
FN:36,(anonymous_2)
FN:74,(anonymous_3)
FNF:4
FNH:4
FNDA:3,(anonymous_0)
FNDA:4,(anonymous_1)
FNDA:2,(anonymous_2)
FNDA:6,(anonymous_3)
DA:7,1
DA:11,3
DA:12,2
DA:22,2
DA:23,2
DA:27,4
DA:28,4
DA:29,4
DA:31,4
DA:37,2
DA:39,2
DA:40,2
DA:43,1
DA:44,1
DA:45,1
DA:50,1
DA:53,0
DA:57,0
DA:58,0
DA:59,0
DA:60,0
DA:61,0
DA:62,0
DA:63,0
DA:67,0
DA:71,0
DA:75,6
DA:76,0
DA:82,6
LF:29
LH:18
BRDA:44,0,0,1
BRDA:44,0,1,0
BRDA:58,1,0,0
BRDA:58,1,1,0
BRDA:58,1,2,0
BRDA:75,2,0,0
BRDA:75,2,1,6
BRDA:103,3,0,6
BRDA:103,3,1,0
BRDA:107,4,0,6
BRDA:107,4,1,0
BRF:11
BRH:4
end_of_record
TN:
SF:src\view\screen\AdminSignUp.js
FN:8,(anonymous_0)
FN:35,(anonymous_1)
FN:51,(anonymous_2)
FN:69,(anonymous_3)
FN:87,(anonymous_4)
FN:103,(anonymous_5)
FN:117,(anonymous_6)
FN:127,(anonymous_7)
FN:134,(anonymous_8)
FN:156,(anonymous_9)
FN:166,(anonymous_10)
FN:175,(anonymous_11)
FN:184,(anonymous_12)
FN:193,(anonymous_13)
FN:202,(anonymous_14)
FN:211,(anonymous_15)
FNF:16
FNH:16
FNDA:1,(anonymous_0)
FNDA:2,(anonymous_1)
FNDA:1,(anonymous_2)
FNDA:1,(anonymous_3)
FNDA:1,(anonymous_4)
FNDA:1,(anonymous_5)
FNDA:6,(anonymous_6)
FNDA:1,(anonymous_7)
FNDA:1,(anonymous_8)
FNDA:7,(anonymous_9)
FNDA:1,(anonymous_10)
FNDA:1,(anonymous_11)
FNDA:1,(anonymous_12)
FNDA:1,(anonymous_13)
FNDA:1,(anonymous_14)
FNDA:1,(anonymous_15)
DA:5,1
DA:9,1
DA:11,1
DA:29,1
DA:30,1
DA:31,1
DA:36,2
DA:37,2
DA:39,2
DA:40,0
DA:45,2
DA:52,1
DA:53,1
DA:55,1
DA:57,1
DA:58,1
DA:63,0
DA:70,1
DA:71,1
DA:73,1
DA:75,1
DA:76,1
DA:81,0
DA:88,1
DA:89,1
DA:91,1
DA:92,1
DA:97,0
DA:104,1
DA:105,1
DA:106,1
DA:108,1
DA:109,0
DA:112,1
DA:118,6
DA:119,6
DA:120,6
DA:122,6
DA:128,1
DA:136,1
DA:137,0
DA:141,0
DA:144,1
DA:151,1
DA:157,7
DA:166,1
DA:175,1
DA:184,1
DA:193,1
DA:202,1
DA:211,1
LF:51
LH:44
BRDA:39,0,0,0
BRDA:39,0,1,2
BRDA:57,1,0,1
BRDA:57,1,1,0
BRDA:75,2,0,1
BRDA:75,2,1,0
BRDA:91,3,0,1
BRDA:91,3,1,0
BRDA:108,4,0,0
BRDA:108,4,1,1
BRDA:128,5,0,1
BRDA:128,5,1,1
BRDA:128,5,2,1
BRDA:128,5,3,1
BRDA:128,5,4,1
BRDA:128,5,5,1
BRDA:136,6,0,0
BRDA:136,6,1,1
BRDA:168,7,0,7
BRDA:168,7,1,0
BRDA:177,8,0,7
BRDA:177,8,1,0
BRDA:186,9,0,7
BRDA:186,9,1,0
BRDA:195,10,0,7
BRDA:195,10,1,0
BRDA:204,11,0,7
BRDA:204,11,1,0
BRDA:213,12,0,7
BRDA:213,12,1,0
BRDA:220,13,0,7
BRDA:220,13,1,0
BRF:32
BRH:19
end_of_record
TN:
SF:src\view\screen\Home.js
FN:7,(anonymous_0)
FNF:1
FNH:1
FNDA:1,(anonymous_0)
DA:8,1
LF:1
LH:1
BRF:0
BRH:0
end_of_record
TN:
SF:src\view\screen\Inbox.js
FN:8,(anonymous_0)
FN:14,(anonymous_1)
FN:24,Inbox
FN:27,(anonymous_3)
FN:29,getMessages
FN:52,deleteMessage
FN:58,messageList
FN:59,(anonymous_7)
FN:63,(anonymous_8)
FN:71,clearInbox
FN:96,(anonymous_10)
FNF:11
FNH:0
FNDA:0,(anonymous_0)
FNDA:0,(anonymous_1)
FNDA:0,Inbox
FNDA:0,(anonymous_3)
FNDA:0,getMessages
FNDA:0,deleteMessage
FNDA:0,messageList
FNDA:0,(anonymous_7)
FNDA:0,(anonymous_8)
FNDA:0,clearInbox
FNDA:0,(anonymous_10)
DA:6,0
DA:8,0
DA:9,0
DA:15,0
DA:25,0
DA:27,0
DA:30,0
DA:32,0
DA:34,0
DA:35,0
DA:36,0
DA:37,0
DA:40,0
DA:41,0
DA:42,0
DA:46,0
DA:47,0
DA:53,0
DA:54,0
DA:59,0
DA:60,0
DA:63,0
DA:72,0
DA:73,0
DA:77,0
DA:97,0
LF:26
LH:0
BRDA:34,0,0,0
BRDA:34,0,1,0
BRF:2
BRH:0
end_of_record
TN:
SF:src\view\screen\MessageForm.js
FN:7,(anonymous_0)
FN:19,(anonymous_1)
FN:29,(anonymous_2)
FN:39,(anonymous_3)
FNF:4
FNH:2
FNDA:1,(anonymous_0)
FNDA:0,(anonymous_1)
FNDA:0,(anonymous_2)
FNDA:1,(anonymous_3)
DA:4,1
DA:8,1
DA:10,1
DA:15,1
DA:16,1
DA:20,0
DA:21,0
DA:22,0
DA:24,0
DA:30,0
DA:34,0
DA:36,0
DA:40,1
LF:13
LH:6
BRF:0
BRH:0
end_of_record
