{"C:\\Users\\mmoha\\YRI_Interactive_Map\\server\\app.js": {"path":"C:\\Users\\mmoha\\YRI_Interactive_Map\\server\\app.js","statementMap":{"0":{"start":{"line":1,"column":18},"end":{"line":1,"column":40}},"1":{"start":{"line":2,"column":14},"end":{"line":2,"column":32}},"2":{"start":{"line":3,"column":11},"end":{"line":3,"column":26}},"3":{"start":{"line":4,"column":19},"end":{"line":4,"column":43}},"4":{"start":{"line":5,"column":13},"end":{"line":5,"column":30}},"5":{"start":{"line":7,"column":16},"end":{"line":7,"column":42}},"6":{"start":{"line":8,"column":20},"end":{"line":8,"column":51}},"7":{"start":{"line":10,"column":18},"end":{"line":10,"column":43}},"8":{"start":{"line":11,"column":20},"end":{"line":11,"column":47}},"9":{"start":{"line":12,"column":18},"end":{"line":12,"column":43}},"10":{"start":{"line":14,"column":10},"end":{"line":14,"column":19}},"11":{"start":{"line":18,"column":0},"end":{"line":18,"column":30}},"12":{"start":{"line":20,"column":0},"end":{"line":20,"column":22}},"13":{"start":{"line":21,"column":0},"end":{"line":21,"column":23}},"14":{"start":{"line":22,"column":0},"end":{"line":22,"column":48}},"15":{"start":{"line":23,"column":0},"end":{"line":23,"column":23}},"16":{"start":{"line":25,"column":0},"end":{"line":31,"column":3}},"17":{"start":{"line":35,"column":0},"end":{"line":35,"column":30}},"18":{"start":{"line":36,"column":0},"end":{"line":36,"column":34}},"19":{"start":{"line":37,"column":0},"end":{"line":37,"column":30}},"20":{"start":{"line":42,"column":0},"end":{"line":44,"column":3}},"21":{"start":{"line":43,"column":2},"end":{"line":43,"column":25}},"22":{"start":{"line":47,"column":0},"end":{"line":47,"column":21}}},"fnMap":{"0":{"name":"(anonymous_0)","decl":{"start":{"line":42,"column":8},"end":{"line":42,"column":9}},"loc":{"start":{"line":42,"column":33},"end":{"line":44,"column":1}},"line":42}},"branchMap":{},"s":{"0":1,"1":1,"2":1,"3":1,"4":1,"5":1,"6":1,"7":1,"8":1,"9":1,"10":1,"11":1,"12":1,"13":1,"14":1,"15":1,"16":1,"17":1,"18":1,"19":1,"20":1,"21":0,"22":1},"f":{"0":0},"b":{},"_coverageSchema":"1a1c01bbd47fc00a2c39e90264f33305004495a9","hash":"54a292c093dcba1b59cff2e008fcfca85657fe09"}
,"C:\\Users\\mmoha\\YRI_Interactive_Map\\server\\controllers\\adminController.js": {"path":"C:\\Users\\mmoha\\YRI_Interactive_Map\\server\\controllers\\adminController.js","statementMap":{"0":{"start":{"line":2,"column":35},"end":{"line":2,"column":63}},"1":{"start":{"line":4,"column":17},"end":{"line":4,"column":46}},"2":{"start":{"line":6,"column":0},"end":{"line":19,"column":1}},"3":{"start":{"line":7,"column":17},"end":{"line":7,"column":38}},"4":{"start":{"line":8,"column":4},"end":{"line":12,"column":5}},"5":{"start":{"line":9,"column":8},"end":{"line":11,"column":10}},"6":{"start":{"line":14,"column":4},"end":{"line":18,"column":6}},"7":{"start":{"line":15,"column":8},"end":{"line":15,"column":36}},"8":{"start":{"line":17,"column":8},"end":{"line":17,"column":42}},"9":{"start":{"line":21,"column":0},"end":{"line":47,"column":1}},"10":{"start":{"line":22,"column":17},"end":{"line":22,"column":38}},"11":{"start":{"line":23,"column":4},"end":{"line":28,"column":5}},"12":{"start":{"line":24,"column":8},"end":{"line":26,"column":10}},"13":{"start":{"line":27,"column":8},"end":{"line":27,"column":14}},"14":{"start":{"line":30,"column":4},"end":{"line":46,"column":5}},"15":{"start":{"line":31,"column":27},"end":{"line":31,"column":94}},"16":{"start":{"line":33,"column":8},"end":{"line":33,"column":40}},"17":{"start":{"line":34,"column":8},"end":{"line":34,"column":37}},"18":{"start":{"line":36,"column":8},"end":{"line":36,"column":30}},"19":{"start":{"line":38,"column":8},"end":{"line":38,"column":14}},"20":{"start":{"line":41,"column":8},"end":{"line":43,"column":17}},"21":{"start":{"line":45,"column":8},"end":{"line":45,"column":14}},"22":{"start":{"line":49,"column":0},"end":{"line":56,"column":1}},"23":{"start":{"line":50,"column":4},"end":{"line":53,"column":5}},"24":{"start":{"line":51,"column":8},"end":{"line":51,"column":30}},"25":{"start":{"line":52,"column":8},"end":{"line":52,"column":14}},"26":{"start":{"line":55,"column":4},"end":{"line":55,"column":10}},"27":{"start":{"line":58,"column":0},"end":{"line":61,"column":1}},"28":{"start":{"line":59,"column":4},"end":{"line":59,"column":27}},"29":{"start":{"line":60,"column":4},"end":{"line":60,"column":26}}},"fnMap":{"0":{"name":"(anonymous_0)","decl":{"start":{"line":6,"column":22},"end":{"line":6,"column":23}},"loc":{"start":{"line":6,"column":36},"end":{"line":19,"column":1}},"line":6},"1":{"name":"(anonymous_1)","decl":{"start":{"line":14,"column":35},"end":{"line":14,"column":36}},"loc":{"start":{"line":14,"column":53},"end":{"line":16,"column":5}},"line":14},"2":{"name":"(anonymous_2)","decl":{"start":{"line":16,"column":13},"end":{"line":16,"column":14}},"loc":{"start":{"line":16,"column":22},"end":{"line":18,"column":5}},"line":16},"3":{"name":"(anonymous_3)","decl":{"start":{"line":21,"column":16},"end":{"line":21,"column":17}},"loc":{"start":{"line":21,"column":36},"end":{"line":47,"column":1}},"line":21},"4":{"name":"(anonymous_4)","decl":{"start":{"line":49,"column":22},"end":{"line":49,"column":23}},"loc":{"start":{"line":49,"column":47},"end":{"line":56,"column":1}},"line":49},"5":{"name":"(anonymous_5)","decl":{"start":{"line":58,"column":17},"end":{"line":58,"column":18}},"loc":{"start":{"line":58,"column":36},"end":{"line":61,"column":1}},"line":58}},"branchMap":{"0":{"loc":{"start":{"line":8,"column":4},"end":{"line":12,"column":5}},"type":"if","locations":[{"start":{"line":8,"column":4},"end":{"line":12,"column":5}},{"start":{},"end":{}}],"line":8},"1":{"loc":{"start":{"line":23,"column":4},"end":{"line":28,"column":5}},"type":"if","locations":[{"start":{"line":23,"column":4},"end":{"line":28,"column":5}},{"start":{},"end":{}}],"line":23},"2":{"loc":{"start":{"line":50,"column":4},"end":{"line":53,"column":5}},"type":"if","locations":[{"start":{"line":50,"column":4},"end":{"line":53,"column":5}},{"start":{},"end":{}}],"line":50}},"s":{"0":1,"1":1,"2":1,"3":0,"4":0,"5":0,"6":0,"7":0,"8":0,"9":1,"10":1,"11":1,"12":0,"13":0,"14":1,"15":1,"16":1,"17":1,"18":1,"19":1,"20":0,"21":0,"22":1,"23":1,"24":1,"25":1,"26":0,"27":1,"28":1,"29":1},"f":{"0":0,"1":0,"2":0,"3":1,"4":1,"5":1},"b":{"0":[0,0],"1":[0,1],"2":[1,0]},"_coverageSchema":"1a1c01bbd47fc00a2c39e90264f33305004495a9","hash":"0d73fdedf7c8ba1af239850988333c3bea5c9003"}
,"C:\\Users\\mmoha\\YRI_Interactive_Map\\server\\controllers\\inboxController.js": {"path":"C:\\Users\\mmoha\\YRI_Interactive_Map\\server\\controllers\\inboxController.js","statementMap":{"0":{"start":{"line":1,"column":16},"end":{"line":1,"column":47}},"1":{"start":{"line":2,"column":35},"end":{"line":2,"column":63}},"2":{"start":{"line":5,"column":0},"end":{"line":19,"column":2}},"3":{"start":{"line":7,"column":23},"end":{"line":7,"column":44}},"4":{"start":{"line":8,"column":8},"end":{"line":10,"column":9}},"5":{"start":{"line":9,"column":12},"end":{"line":9,"column":66}},"6":{"start":{"line":12,"column":8},"end":{"line":17,"column":11}},"7":{"start":{"line":13,"column":12},"end":{"line":13,"column":62}},"8":{"start":{"line":14,"column":12},"end":{"line":14,"column":29}},"9":{"start":{"line":16,"column":12},"end":{"line":16,"column":49}},"10":{"start":{"line":22,"column":0},"end":{"line":37,"column":1}},"11":{"start":{"line":24,"column":23},"end":{"line":24,"column":44}},"12":{"start":{"line":25,"column":8},"end":{"line":27,"column":9}},"13":{"start":{"line":26,"column":12},"end":{"line":26,"column":66}},"14":{"start":{"line":29,"column":20},"end":{"line":29,"column":32}},"15":{"start":{"line":31,"column":8},"end":{"line":35,"column":11}},"16":{"start":{"line":32,"column":12},"end":{"line":32,"column":29}},"17":{"start":{"line":34,"column":12},"end":{"line":34,"column":49}},"18":{"start":{"line":40,"column":0},"end":{"line":51,"column":1}},"19":{"start":{"line":42,"column":23},"end":{"line":42,"column":44}},"20":{"start":{"line":43,"column":8},"end":{"line":45,"column":9}},"21":{"start":{"line":44,"column":12},"end":{"line":44,"column":66}},"22":{"start":{"line":47,"column":8},"end":{"line":49,"column":11}},"23":{"start":{"line":48,"column":12},"end":{"line":48,"column":49}}},"fnMap":{"0":{"name":"(anonymous_0)","decl":{"start":{"line":6,"column":4},"end":{"line":6,"column":5}},"loc":{"start":{"line":6,"column":24},"end":{"line":18,"column":5}},"line":6},"1":{"name":"(anonymous_1)","decl":{"start":{"line":12,"column":29},"end":{"line":12,"column":30}},"loc":{"start":{"line":12,"column":47},"end":{"line":15,"column":9}},"line":12},"2":{"name":"(anonymous_2)","decl":{"start":{"line":15,"column":17},"end":{"line":15,"column":18}},"loc":{"start":{"line":15,"column":28},"end":{"line":17,"column":9}},"line":15},"3":{"name":"(anonymous_3)","decl":{"start":{"line":23,"column":4},"end":{"line":23,"column":5}},"loc":{"start":{"line":23,"column":24},"end":{"line":36,"column":5}},"line":23},"4":{"name":"(anonymous_4)","decl":{"start":{"line":31,"column":40},"end":{"line":31,"column":41}},"loc":{"start":{"line":31,"column":58},"end":{"line":33,"column":9}},"line":31},"5":{"name":"(anonymous_5)","decl":{"start":{"line":33,"column":17},"end":{"line":33,"column":18}},"loc":{"start":{"line":33,"column":28},"end":{"line":35,"column":9}},"line":33},"6":{"name":"(anonymous_6)","decl":{"start":{"line":41,"column":4},"end":{"line":41,"column":5}},"loc":{"start":{"line":41,"column":24},"end":{"line":50,"column":5}},"line":41},"7":{"name":"(anonymous_7)","decl":{"start":{"line":47,"column":34},"end":{"line":47,"column":35}},"loc":{"start":{"line":47,"column":45},"end":{"line":49,"column":9}},"line":47}},"branchMap":{"0":{"loc":{"start":{"line":8,"column":8},"end":{"line":10,"column":9}},"type":"if","locations":[{"start":{"line":8,"column":8},"end":{"line":10,"column":9}},{"start":{},"end":{}}],"line":8},"1":{"loc":{"start":{"line":25,"column":8},"end":{"line":27,"column":9}},"type":"if","locations":[{"start":{"line":25,"column":8},"end":{"line":27,"column":9}},{"start":{},"end":{}}],"line":25},"2":{"loc":{"start":{"line":43,"column":8},"end":{"line":45,"column":9}},"type":"if","locations":[{"start":{"line":43,"column":8},"end":{"line":45,"column":9}},{"start":{},"end":{}}],"line":43}},"s":{"0":1,"1":1,"2":1,"3":0,"4":0,"5":0,"6":0,"7":0,"8":0,"9":0,"10":1,"11":0,"12":0,"13":0,"14":0,"15":0,"16":0,"17":0,"18":1,"19":0,"20":0,"21":0,"22":0,"23":0},"f":{"0":0,"1":0,"2":0,"3":0,"4":0,"5":0,"6":0,"7":0},"b":{"0":[0,0],"1":[0,0],"2":[0,0]},"_coverageSchema":"1a1c01bbd47fc00a2c39e90264f33305004495a9","hash":"6af664567ba27e34007aaed56a883e2bf0881a6f"}
,"C:\\Users\\mmoha\\YRI_Interactive_Map\\server\\controllers\\messageController.js": {"path":"C:\\Users\\mmoha\\YRI_Interactive_Map\\server\\controllers\\messageController.js","statementMap":{"0":{"start":{"line":1,"column":16},"end":{"line":1,"column":47}},"1":{"start":{"line":2,"column":35},"end":{"line":2,"column":63}},"2":{"start":{"line":6,"column":0},"end":{"line":22,"column":2}},"3":{"start":{"line":9,"column":23},"end":{"line":9,"column":44}},"4":{"start":{"line":10,"column":8},"end":{"line":12,"column":9}},"5":{"start":{"line":11,"column":12},"end":{"line":11,"column":66}},"6":{"start":{"line":14,"column":8},"end":{"line":14,"column":30}},"7":{"start":{"line":16,"column":8},"end":{"line":20,"column":11}},"8":{"start":{"line":17,"column":12},"end":{"line":17,"column":29}},"9":{"start":{"line":19,"column":12},"end":{"line":19,"column":49}}},"fnMap":{"0":{"name":"(anonymous_0)","decl":{"start":{"line":8,"column":4},"end":{"line":8,"column":5}},"loc":{"start":{"line":8,"column":24},"end":{"line":21,"column":5}},"line":8},"1":{"name":"(anonymous_1)","decl":{"start":{"line":16,"column":38},"end":{"line":16,"column":39}},"loc":{"start":{"line":16,"column":56},"end":{"line":18,"column":9}},"line":16},"2":{"name":"(anonymous_2)","decl":{"start":{"line":18,"column":17},"end":{"line":18,"column":18}},"loc":{"start":{"line":18,"column":28},"end":{"line":20,"column":9}},"line":18}},"branchMap":{"0":{"loc":{"start":{"line":10,"column":8},"end":{"line":12,"column":9}},"type":"if","locations":[{"start":{"line":10,"column":8},"end":{"line":12,"column":9}},{"start":{},"end":{}}],"line":10}},"s":{"0":1,"1":1,"2":1,"3":0,"4":0,"5":0,"6":0,"7":0,"8":0,"9":0},"f":{"0":0,"1":0,"2":0},"b":{"0":[0,0]},"_coverageSchema":"1a1c01bbd47fc00a2c39e90264f33305004495a9","hash":"b9852b9bb1faf01ab6e28810ea3cb34a8b409ec6"}
,"C:\\Users\\mmoha\\YRI_Interactive_Map\\server\\models\\adminDao.js": {"path":"C:\\Users\\mmoha\\YRI_Interactive_Map\\server\\models\\adminDao.js","statementMap":{"0":{"start":{"line":3,"column":17},"end":{"line":3,"column":36}},"1":{"start":{"line":4,"column":15},"end":{"line":4,"column":30}},"2":{"start":{"line":5,"column":15},"end":{"line":5,"column":32}},"3":{"start":{"line":8,"column":21},"end":{"line":11,"column":1}},"4":{"start":{"line":9,"column":21},"end":{"line":9,"column":68}},"5":{"start":{"line":10,"column":4},"end":{"line":10,"column":34}},"6":{"start":{"line":13,"column":24},"end":{"line":16,"column":1}},"7":{"start":{"line":14,"column":21},"end":{"line":14,"column":73}},"8":{"start":{"line":15,"column":4},"end":{"line":15,"column":37}},"9":{"start":{"line":18,"column":34},"end":{"line":20,"column":1}},"10":{"start":{"line":19,"column":4},"end":{"line":19,"column":31}},"11":{"start":{"line":22,"column":20},"end":{"line":48,"column":2}},"12":{"start":{"line":50,"column":19},"end":{"line":50,"column":55}},"13":{"start":{"line":51,"column":0},"end":{"line":51,"column":31}},"14":{"start":{"line":53,"column":21},"end":{"line":57,"column":1}},"15":{"start":{"line":54,"column":17},"end":{"line":54,"column":39}},"16":{"start":{"line":55,"column":25},"end":{"line":55,"column":56}},"17":{"start":{"line":56,"column":4},"end":{"line":56,"column":25}},"18":{"start":{"line":58,"column":0},"end":{"line":58,"column":35}},"19":{"start":{"line":60,"column":28},"end":{"line":62,"column":1}},"20":{"start":{"line":61,"column":4},"end":{"line":61,"column":46}},"21":{"start":{"line":63,"column":0},"end":{"line":63,"column":49}},"22":{"start":{"line":65,"column":0},"end":{"line":76,"column":1}},"23":{"start":{"line":66,"column":4},"end":{"line":68,"column":5}},"24":{"start":{"line":67,"column":8},"end":{"line":67,"column":62}},"25":{"start":{"line":71,"column":4},"end":{"line":71,"column":61}},"26":{"start":{"line":73,"column":18},"end":{"line":73,"column":42}},"27":{"start":{"line":74,"column":25},"end":{"line":74,"column":43}},"28":{"start":{"line":75,"column":4},"end":{"line":75,"column":23}},"29":{"start":{"line":78,"column":0},"end":{"line":93,"column":1}},"30":{"start":{"line":79,"column":19},"end":{"line":79,"column":52}},"31":{"start":{"line":81,"column":23},"end":{"line":81,"column":63}},"32":{"start":{"line":82,"column":4},"end":{"line":84,"column":5}},"33":{"start":{"line":83,"column":8},"end":{"line":83,"column":31}},"34":{"start":{"line":86,"column":16},"end":{"line":86,"column":72}},"35":{"start":{"line":87,"column":4},"end":{"line":92,"column":5}},"36":{"start":{"line":88,"column":8},"end":{"line":88,"column":25}},"37":{"start":{"line":91,"column":8},"end":{"line":91,"column":31}}},"fnMap":{"0":{"name":"(anonymous_0)","decl":{"start":{"line":8,"column":21},"end":{"line":8,"column":22}},"loc":{"start":{"line":8,"column":43},"end":{"line":11,"column":1}},"line":8},"1":{"name":"(anonymous_1)","decl":{"start":{"line":13,"column":24},"end":{"line":13,"column":25}},"loc":{"start":{"line":13,"column":49},"end":{"line":16,"column":1}},"line":13},"2":{"name":"(anonymous_2)","decl":{"start":{"line":18,"column":34},"end":{"line":18,"column":35}},"loc":{"start":{"line":18,"column":48},"end":{"line":20,"column":1}},"line":18},"3":{"name":"(anonymous_3)","decl":{"start":{"line":53,"column":21},"end":{"line":53,"column":22}},"loc":{"start":{"line":53,"column":35},"end":{"line":57,"column":1}},"line":53},"4":{"name":"(anonymous_4)","decl":{"start":{"line":60,"column":28},"end":{"line":60,"column":29}},"loc":{"start":{"line":60,"column":49},"end":{"line":62,"column":1}},"line":60},"5":{"name":"(anonymous_5)","decl":{"start":{"line":65,"column":17},"end":{"line":65,"column":18}},"loc":{"start":{"line":65,"column":42},"end":{"line":76,"column":1}},"line":65},"6":{"name":"(anonymous_6)","decl":{"start":{"line":78,"column":28},"end":{"line":78,"column":29}},"loc":{"start":{"line":78,"column":60},"end":{"line":93,"column":1}},"line":78}},"branchMap":{"0":{"loc":{"start":{"line":66,"column":4},"end":{"line":68,"column":5}},"type":"if","locations":[{"start":{"line":66,"column":4},"end":{"line":68,"column":5}},{"start":{},"end":{}}],"line":66},"1":{"loc":{"start":{"line":82,"column":4},"end":{"line":84,"column":5}},"type":"if","locations":[{"start":{"line":82,"column":4},"end":{"line":84,"column":5}},{"start":{},"end":{}}],"line":82},"2":{"loc":{"start":{"line":87,"column":4},"end":{"line":92,"column":5}},"type":"if","locations":[{"start":{"line":87,"column":4},"end":{"line":92,"column":5}},{"start":{"line":90,"column":9},"end":{"line":92,"column":5}}],"line":87}},"s":{"0":2,"1":2,"2":2,"3":2,"4":7,"5":7,"6":2,"7":7,"8":7,"9":2,"10":8,"11":2,"12":2,"13":2,"14":2,"15":7,"16":7,"17":7,"18":2,"19":2,"20":2,"21":2,"22":2,"23":8,"24":1,"25":7,"26":7,"27":7,"28":3,"29":2,"30":2,"31":2,"32":2,"33":1,"34":1,"35":1,"36":1,"37":0},"f":{"0":7,"1":7,"2":8,"3":7,"4":2,"5":8,"6":2},"b":{"0":[1,7],"1":[1,1],"2":[1,0]},"_coverageSchema":"1a1c01bbd47fc00a2c39e90264f33305004495a9","hash":"01c69e6f05a3feb7806965de0a802b4e57364bb2"}
,"C:\\Users\\mmoha\\YRI_Interactive_Map\\server\\models\\dbConnection.js": {"path":"C:\\Users\\mmoha\\YRI_Interactive_Map\\server\\models\\dbConnection.js","statementMap":{"0":{"start":{"line":1,"column":0},"end":{"line":1,"column":27}},"1":{"start":{"line":2,"column":17},"end":{"line":2,"column":36}},"2":{"start":{"line":4,"column":0},"end":{"line":10,"column":1}},"3":{"start":{"line":5,"column":14},"end":{"line":5,"column":32}},"4":{"start":{"line":7,"column":4},"end":{"line":9,"column":7}},"5":{"start":{"line":8,"column":8},"end":{"line":8,"column":33}},"6":{"start":{"line":8,"column":16},"end":{"line":8,"column":33}},"7":{"start":{"line":12,"column":0},"end":{"line":14,"column":1}},"8":{"start":{"line":13,"column":4},"end":{"line":13,"column":38}}},"fnMap":{"0":{"name":"(anonymous_0)","decl":{"start":{"line":4,"column":18},"end":{"line":4,"column":19}},"loc":{"start":{"line":4,"column":34},"end":{"line":10,"column":1}},"line":4},"1":{"name":"(anonymous_1)","decl":{"start":{"line":7,"column":31},"end":{"line":7,"column":32}},"loc":{"start":{"line":7,"column":44},"end":{"line":9,"column":5}},"line":7},"2":{"name":"(anonymous_2)","decl":{"start":{"line":12,"column":21},"end":{"line":12,"column":22}},"loc":{"start":{"line":12,"column":37},"end":{"line":14,"column":1}},"line":12}},"branchMap":{"0":{"loc":{"start":{"line":8,"column":8},"end":{"line":8,"column":33}},"type":"if","locations":[{"start":{"line":8,"column":8},"end":{"line":8,"column":33}},{"start":{},"end":{}}],"line":8}},"s":{"0":2,"1":2,"2":2,"3":2,"4":2,"5":2,"6":0,"7":2,"8":0},"f":{"0":2,"1":2,"2":0},"b":{"0":[0,2]},"_coverageSchema":"1a1c01bbd47fc00a2c39e90264f33305004495a9","hash":"7104438aa81f1f22cdb810cdf2eb5abe5c730770"}
,"C:\\Users\\mmoha\\YRI_Interactive_Map\\server\\models\\messageDao.js": {"path":"C:\\Users\\mmoha\\YRI_Interactive_Map\\server\\models\\messageDao.js","statementMap":{"0":{"start":{"line":1,"column":17},"end":{"line":1,"column":36}},"1":{"start":{"line":2,"column":15},"end":{"line":2,"column":30}},"2":{"start":{"line":4,"column":22},"end":{"line":7,"column":2}},"3":{"start":{"line":9,"column":21},"end":{"line":9,"column":61}},"4":{"start":{"line":10,"column":0},"end":{"line":10,"column":35}},"5":{"start":{"line":13,"column":0},"end":{"line":17,"column":1}},"6":{"start":{"line":14,"column":20},"end":{"line":14,"column":48}},"7":{"start":{"line":15,"column":27},"end":{"line":15,"column":47}},"8":{"start":{"line":16,"column":4},"end":{"line":16,"column":26}},"9":{"start":{"line":20,"column":0},"end":{"line":23,"column":1}},"10":{"start":{"line":21,"column":16},"end":{"line":21,"column":41}},"11":{"start":{"line":22,"column":4},"end":{"line":22,"column":17}},"12":{"start":{"line":26,"column":0},"end":{"line":28,"column":1}},"13":{"start":{"line":27,"column":4},"end":{"line":27,"column":45}},"14":{"start":{"line":31,"column":0},"end":{"line":33,"column":1}},"15":{"start":{"line":32,"column":4},"end":{"line":32,"column":36}},"16":{"start":{"line":36,"column":0},"end":{"line":39,"column":1}},"17":{"start":{"line":37,"column":14},"end":{"line":37,"column":46}},"18":{"start":{"line":38,"column":4},"end":{"line":38,"column":15}}},"fnMap":{"0":{"name":"(anonymous_0)","decl":{"start":{"line":13,"column":17},"end":{"line":13,"column":18}},"loc":{"start":{"line":13,"column":44},"end":{"line":17,"column":1}},"line":13},"1":{"name":"(anonymous_1)","decl":{"start":{"line":20,"column":16},"end":{"line":20,"column":17}},"loc":{"start":{"line":20,"column":33},"end":{"line":23,"column":1}},"line":20},"2":{"name":"(anonymous_2)","decl":{"start":{"line":26,"column":24},"end":{"line":26,"column":25}},"loc":{"start":{"line":26,"column":44},"end":{"line":28,"column":1}},"line":26},"3":{"name":"(anonymous_3)","decl":{"start":{"line":31,"column":20},"end":{"line":31,"column":21}},"loc":{"start":{"line":31,"column":37},"end":{"line":33,"column":1}},"line":31},"4":{"name":"(anonymous_4)","decl":{"start":{"line":36,"column":22},"end":{"line":36,"column":23}},"loc":{"start":{"line":36,"column":42},"end":{"line":39,"column":1}},"line":36}},"branchMap":{},"s":{"0":2,"1":2,"2":2,"3":2,"4":2,"5":2,"6":3,"7":3,"8":3,"9":2,"10":4,"11":4,"12":2,"13":1,"14":2,"15":6,"16":2,"17":1,"18":1},"f":{"0":3,"1":4,"2":1,"3":6,"4":1},"b":{},"_coverageSchema":"1a1c01bbd47fc00a2c39e90264f33305004495a9","hash":"9774d87ca5b27a585a3bfcb2b93475c35eea9e84"}
,"C:\\Users\\mmoha\\YRI_Interactive_Map\\server\\routes\\admin.js": {"path":"C:\\Users\\mmoha\\YRI_Interactive_Map\\server\\routes\\admin.js","statementMap":{"0":{"start":{"line":1,"column":14},"end":{"line":1,"column":32}},"1":{"start":{"line":2,"column":13},"end":{"line":2,"column":29}},"2":{"start":{"line":4,"column":24},"end":{"line":4,"column":65}},"3":{"start":{"line":6,"column":0},"end":{"line":6,"column":73}},"4":{"start":{"line":7,"column":0},"end":{"line":7,"column":44}},"5":{"start":{"line":8,"column":0},"end":{"line":8,"column":46}},"6":{"start":{"line":10,"column":0},"end":{"line":10,"column":23}}},"fnMap":{},"branchMap":{},"s":{"0":1,"1":1,"2":1,"3":1,"4":1,"5":1,"6":1},"f":{},"b":{},"_coverageSchema":"1a1c01bbd47fc00a2c39e90264f33305004495a9","hash":"45c8817f8d18e5224f68f2e4f65447b22ecbea0a"}
,"C:\\Users\\mmoha\\YRI_Interactive_Map\\server\\routes\\inbox.js": {"path":"C:\\Users\\mmoha\\YRI_Interactive_Map\\server\\routes\\inbox.js","statementMap":{"0":{"start":{"line":1,"column":14},"end":{"line":1,"column":32}},"1":{"start":{"line":2,"column":13},"end":{"line":2,"column":29}},"2":{"start":{"line":4,"column":24},"end":{"line":4,"column":65}},"3":{"start":{"line":7,"column":0},"end":{"line":7,"column":42}},"4":{"start":{"line":10,"column":0},"end":{"line":10,"column":60}},"5":{"start":{"line":13,"column":0},"end":{"line":13,"column":56}},"6":{"start":{"line":15,"column":0},"end":{"line":15,"column":24}}},"fnMap":{},"branchMap":{},"s":{"0":1,"1":1,"2":1,"3":1,"4":1,"5":1,"6":1},"f":{},"b":{},"_coverageSchema":"1a1c01bbd47fc00a2c39e90264f33305004495a9","hash":"b94a46ea24b6fcedec3e153da907aece82697a50"}
,"C:\\Users\\mmoha\\YRI_Interactive_Map\\server\\routes\\message.js": {"path":"C:\\Users\\mmoha\\YRI_Interactive_Map\\server\\routes\\message.js","statementMap":{"0":{"start":{"line":1,"column":14},"end":{"line":1,"column":32}},"1":{"start":{"line":2,"column":13},"end":{"line":2,"column":29}},"2":{"start":{"line":4,"column":26},"end":{"line":4,"column":69}},"3":{"start":{"line":7,"column":0},"end":{"line":7,"column":55}},"4":{"start":{"line":9,"column":0},"end":{"line":9,"column":24}}},"fnMap":{},"branchMap":{},"s":{"0":1,"1":1,"2":1,"3":1,"4":1},"f":{},"b":{},"_coverageSchema":"1a1c01bbd47fc00a2c39e90264f33305004495a9","hash":"0c5624d56855f1cb518fc35a2943f5bf1206105d"}
}
