TN:
SF:app.js
FN:42,(anonymous_0)
FNF:1
FNH:0
FNDA:0,(anonymous_0)
DA:1,1
DA:2,1
DA:3,1
DA:4,1
DA:5,1
DA:7,1
DA:8,1
DA:10,1
DA:11,1
DA:12,1
DA:14,1
DA:18,1
DA:20,1
DA:21,1
DA:22,1
DA:23,1
DA:25,1
DA:35,1
DA:36,1
DA:37,1
DA:42,1
DA:43,0
DA:47,1
LF:23
LH:22
BRF:0
BRH:0
end_of_record
TN:
SF:controllers\adminController.js
FN:6,(anonymous_0)
FN:14,(anonymous_1)
FN:16,(anonymous_2)
FN:21,(anonymous_3)
FN:49,(anonymous_4)
FN:58,(anonymous_5)
FNF:6
FNH:3
FNDA:0,(anonymous_0)
FNDA:0,(anonymous_1)
FNDA:0,(anonymous_2)
FNDA:1,(anonymous_3)
FNDA:1,(anonymous_4)
FNDA:1,(anonymous_5)
DA:2,1
DA:4,1
DA:6,1
DA:7,0
DA:8,0
DA:9,0
DA:14,0
DA:15,0
DA:17,0
DA:21,1
DA:22,1
DA:23,1
DA:24,0
DA:27,0
DA:30,1
DA:31,1
DA:33,1
DA:34,1
DA:36,1
DA:38,1
DA:41,0
DA:45,0
DA:49,1
DA:50,1
DA:51,1
DA:52,1
DA:55,0
DA:58,1
DA:59,1
DA:60,1
LF:30
LH:19
BRDA:8,0,0,0
BRDA:8,0,1,0
BRDA:23,1,0,0
BRDA:23,1,1,1
BRDA:50,2,0,1
BRDA:50,2,1,0
BRF:6
BRH:2
end_of_record
TN:
SF:controllers\inboxController.js
FN:6,(anonymous_0)
FN:12,(anonymous_1)
FN:15,(anonymous_2)
FN:23,(anonymous_3)
FN:31,(anonymous_4)
FN:33,(anonymous_5)
FN:41,(anonymous_6)
FN:47,(anonymous_7)
FNF:8
FNH:0
FNDA:0,(anonymous_0)
FNDA:0,(anonymous_1)
FNDA:0,(anonymous_2)
FNDA:0,(anonymous_3)
FNDA:0,(anonymous_4)
FNDA:0,(anonymous_5)
FNDA:0,(anonymous_6)
FNDA:0,(anonymous_7)
DA:1,1
DA:2,1
DA:5,1
DA:7,0
DA:8,0
DA:9,0
DA:12,0
DA:13,0
DA:14,0
DA:16,0
DA:22,1
DA:24,0
DA:25,0
DA:26,0
DA:29,0
DA:31,0
DA:32,0
DA:34,0
DA:40,1
DA:42,0
DA:43,0
DA:44,0
DA:47,0
DA:48,0
LF:24
LH:5
BRDA:8,0,0,0
BRDA:8,0,1,0
BRDA:25,1,0,0
BRDA:25,1,1,0
BRDA:43,2,0,0
BRDA:43,2,1,0
BRF:6
BRH:0
end_of_record
TN:
SF:controllers\messageController.js
FN:8,(anonymous_0)
FN:16,(anonymous_1)
FN:18,(anonymous_2)
FNF:3
FNH:0
FNDA:0,(anonymous_0)
FNDA:0,(anonymous_1)
FNDA:0,(anonymous_2)
DA:1,1
DA:2,1
DA:6,1
DA:9,0
DA:10,0
DA:11,0
DA:14,0
DA:16,0
DA:17,0
DA:19,0
LF:10
LH:3
BRDA:10,0,0,0
BRDA:10,0,1,0
BRF:2
BRH:0
end_of_record
TN:
SF:models\adminDao.js
FN:8,(anonymous_0)
FN:13,(anonymous_1)
FN:18,(anonymous_2)
FN:53,(anonymous_3)
FN:60,(anonymous_4)
FN:65,(anonymous_5)
FN:78,(anonymous_6)
FNF:7
FNH:7
FNDA:7,(anonymous_0)
FNDA:7,(anonymous_1)
FNDA:8,(anonymous_2)
FNDA:7,(anonymous_3)
FNDA:2,(anonymous_4)
FNDA:8,(anonymous_5)
FNDA:2,(anonymous_6)
DA:3,2
DA:4,2
DA:5,2
DA:8,2
DA:9,7
DA:10,7
DA:13,2
DA:14,7
DA:15,7
DA:18,2
DA:19,8
DA:22,2
DA:50,2
DA:51,2
DA:53,2
DA:54,7
DA:55,7
DA:56,7
DA:58,2
DA:60,2
DA:61,2
DA:63,2
DA:65,2
DA:66,8
DA:67,1
DA:71,7
DA:73,7
DA:74,7
DA:75,3
DA:78,2
DA:79,2
DA:81,2
DA:82,2
DA:83,1
DA:86,1
DA:87,1
DA:88,1
DA:91,0
LF:38
LH:37
BRDA:66,0,0,1
BRDA:66,0,1,7
BRDA:82,1,0,1
BRDA:82,1,1,1
BRDA:87,2,0,1
BRDA:87,2,1,0
BRF:6
BRH:5
end_of_record
TN:
SF:models\dbConnection.js
FN:4,(anonymous_0)
FN:7,(anonymous_1)
FN:12,(anonymous_2)
FNF:3
FNH:2
FNDA:2,(anonymous_0)
FNDA:2,(anonymous_1)
FNDA:0,(anonymous_2)
DA:1,2
DA:2,2
DA:4,2
DA:5,2
DA:7,2
DA:8,2
DA:12,2
DA:13,0
LF:8
LH:7
BRDA:8,0,0,0
BRDA:8,0,1,2
BRF:2
BRH:1
end_of_record
TN:
SF:models\messageDao.js
FN:13,(anonymous_0)
FN:20,(anonymous_1)
FN:26,(anonymous_2)
FN:31,(anonymous_3)
FN:36,(anonymous_4)
FNF:5
FNH:5
FNDA:3,(anonymous_0)
FNDA:4,(anonymous_1)
FNDA:1,(anonymous_2)
FNDA:6,(anonymous_3)
FNDA:1,(anonymous_4)
DA:1,2
DA:2,2
DA:4,2
DA:9,2
DA:10,2
DA:13,2
DA:14,3
DA:15,3
DA:16,3
DA:20,2
DA:21,4
DA:22,4
DA:26,2
DA:27,1
DA:31,2
DA:32,6
DA:36,2
DA:37,1
DA:38,1
LF:19
LH:19
BRF:0
BRH:0
end_of_record
TN:
SF:routes\admin.js
FNF:0
FNH:0
DA:1,1
DA:2,1
DA:4,1
DA:6,1
DA:7,1
DA:8,1
DA:10,1
LF:7
LH:7
BRF:0
BRH:0
end_of_record
TN:
SF:routes\inbox.js
FNF:0
FNH:0
DA:1,1
DA:2,1
DA:4,1
DA:7,1
DA:10,1
DA:13,1
DA:15,1
LF:7
LH:7
BRF:0
BRH:0
end_of_record
TN:
SF:routes\message.js
FNF:0
FNH:0
DA:1,1
DA:2,1
DA:4,1
DA:7,1
DA:9,1
LF:5
LH:5
BRF:0
BRH:0
end_of_record
